<?xml version="1.0" encoding="UTF-8"?>
<testsuite name="ArrayStackTest" tests="1" skipped="0" failures="0" errors="0" timestamp="2021-03-28T16:20:06" hostname="LAPTOP-MIS735RQ" time="0.019">
  <properties/>
  <testcase name="test()" classname="ArrayStackTest" time="0.019"/>
  <system-out><![CDATA[]]></system-out>
  <system-err><![CDATA[]]></system-err>
</testsuite>
